{
  "RSpec": {
    "coverage": {
      "/home/aleksey/git/vf-food/app/controllers/contacts_controller.rb": [
        1,
        1,
        null,
        null,
        null
      ],
      "/home/aleksey/git/vf-food/app/models/order.rb": [
        1,
        1,
        null,
        1,
        1,
        1,
        1,
        1,
        null,
        1,
        1,
        null,
        1,
        null,
        null
      ],
      "/home/aleksey/git/vf-food/app/controllers/orders_controller.rb": [
        1,
        1,
        1,
        null,
        1,
        1,
        2,
        null,
        null,
        null
      ]
    },
    "timestamp": 1406273187
  }
}
